Build Data dump

--------------------------------------------------------
 Workspaces
--------------------------------------------------------

Name: Nebula2
Bldfile: ./code/nebula2/bldfiles/n2wspace.bld
  Project file dir:  
  Binary output dir: ./bin
  Scratch build dir: 
  Annotation:



  Global preprocessor defines:
  Target specific preprocessor defines:
  Targets to build:
        buildall
        nkernel
        nnebula
        microtcl
        ndinput8
        ndirect3d9
        ntoollib
        nimagetool
        nmeshtool
        nremoteshell
        nsh
        nviewer

--------------------------------------------------------




--------------------------------------------------------
 Targets
--------------------------------------------------------

Name: buildall
Bldfile: ./code/nebula2/bldfiles/dummy.bld
  Type:     lib
  Platform: 
  Annotation:

Simply used as a build all target in VC6

  Modules:
      dummy
  Bundles:
  Target Dependencies:
      nkernel
      nnebula
      microtcl
      ndinput8
      ndirect3d9
      ntoollib
      nimagetool
      nmeshtool
      nremoteshell
      nsh
      nviewer
  Generated Items - generatebld.tcl:

  Merged modules:
  Merged win32 libs:
  Merged win32 debug libs:
  Merged win32 release libs:
  Merged linux libs:
  Merged macosx libs:

--------------------------------------------------------

Name: nnebula
Bldfile: ./code/nebula2/bldfiles/nnebula.bld
  Type:     lib
  Platform: 
  Annotation:



  Modules:
      nbinscriptserver
      ntclserver
      nnpkfileserver
      nvariableserver
      ninputserver
      nresourceserver
      nresource
      nntxfile
      nmesh2
      ntexture2
      nshader2
      ngfxserver2
      nsceneserver
      nstdsceneserver
      nscenenode
      ntransformnode
      nabstractshadernode
      nmaterialnode
      nvolumelightnode
      nshapenode
      nanimator
      nvectoranimator
      ntransformanimator
      nskinanimator
      nskinshapenode
      ncharacter
      nanimationserver
      nanimation
      nmemoryanimation
      nconserver
  Bundles:
  Target Dependencies:
  Generated Items - generatebld.tcl:

  Merged modules:
  Merged win32 libs:
  Merged win32 debug libs:
  Merged win32 release libs:
  Merged linux libs:
  Merged macosx libs:

--------------------------------------------------------

Name: nremoteshell
Bldfile: ./code/nebula2/bldfiles/apps/n2apps.bld
  Type:     exe
  Platform: 
  Annotation:

Sample application: A remote console over IPX for debugging Nebula2.

  Modules:
      nremoteshell
      nipcclient
  Bundles:
  Target Dependencies:
      nkernel
  Generated Items - generatebld.tcl:

  Merged modules:
  Merged win32 libs:
  Merged win32 debug libs:
  Merged win32 release libs:
  Merged linux libs:
  Merged macosx libs:

--------------------------------------------------------

Name: nsh
Bldfile: ./code/nebula2/bldfiles/apps/n2apps.bld
  Type:     exe
  Platform: 
  Annotation:

Sample application: A Nebula2 console based interface.

  Modules:
      nsh
  Bundles:
  Target Dependencies:
      nkernel
      nnebula
      ndirect3d9
      ndinput8
      microtcl
      ntoollib
  Generated Items - generatebld.tcl:

  Merged modules:
  Merged win32 libs:
  Merged win32 debug libs:
  Merged win32 release libs:
  Merged linux libs:
  Merged macosx libs:

--------------------------------------------------------

Name: nviewer
Bldfile: ./code/nebula2/bldfiles/apps/n2apps.bld
  Type:     exe
  Platform: 
  Annotation:

Sample application:  Allows simple viewing of .n2 files

  Modules:
      nviewer
  Bundles:
  Target Dependencies:
      nkernel
      nnebula
      microtcl
      ndinput8
      ndirect3d9
  Generated Items - generatebld.tcl:

  Merged modules:
  Merged win32 libs:
  Merged win32 debug libs:
  Merged win32 release libs:
  Merged linux libs:
  Merged macosx libs:

--------------------------------------------------------

Name: nkernel
Bldfile: ./code/nebula2/bldfiles/core/nkernel.bld
  Type:     lib
  Platform: 
  Annotation:

The Nebula2 Kernel and required servers and bits.

  Modules:
      nkernel
      nroot
      ntimeserver
      npersistserver
      nfileserver2
      nscriptserver
      nenv
      nremoteserver
      nipc
  Bundles:
  Target Dependencies:
  Generated Items - generatebld.tcl:

  Merged modules:
  Merged win32 libs:
  Merged win32 debug libs:
  Merged win32 release libs:
  Merged linux libs:
  Merged macosx libs:

--------------------------------------------------------

Name: ndirect3d9
Bldfile: ./code/nebula2/bldfiles/gfx2/ndirect3d9.bld
  Type:     lib
  Platform: 
  Annotation:



  Modules:
      nd3d9server
      nd3d9mesh
      nd3d9texture
      nd3d9shader
  Bundles:
  Target Dependencies:
  Generated Items - generatebld.tcl:

  Merged modules:
  Merged win32 libs:
  Merged win32 debug libs:
  Merged win32 release libs:
  Merged linux libs:
  Merged macosx libs:

--------------------------------------------------------

Name: ndinput8
Bldfile: ./code/nebula2/bldfiles/input/ndinput8.bld
  Type:     lib
  Platform: 
  Annotation:



  Modules:
      ndi8server
  Bundles:
  Target Dependencies:
  Generated Items - generatebld.tcl:

  Merged modules:
  Merged win32 libs:
  Merged win32 debug libs:
  Merged win32 release libs:
  Merged linux libs:
  Merged macosx libs:

--------------------------------------------------------

Name: microtcl
Bldfile: ./code/nebula2/bldfiles/script/microtcl.bld
  Type:     lib
  Platform: 
  Annotation:

Complete microTCL nScriptServer implementation for Nebula2

  Modules:
      nmicrotclnebula
      nmicrotcl
  Bundles:
  Target Dependencies:
  Generated Items - generatebld.tcl:

  Merged modules:
  Merged win32 libs:
  Merged win32 debug libs:
  Merged win32 release libs:
  Merged linux libs:
  Merged macosx libs:

--------------------------------------------------------

Name: ntoollib
Bldfile: ./code/nebula2/bldfiles/toolchain/toolchain.bld
  Type:     lib
  Platform: 
  Annotation:

Lib that holds the core tool functionality

  Modules:
      nmeshbuilder
      nanimbuilder
  Bundles:
  Target Dependencies:
  Generated Items - generatebld.tcl:

  Merged modules:
  Merged win32 libs:
  Merged win32 debug libs:
  Merged win32 release libs:
  Merged linux libs:
  Merged macosx libs:

--------------------------------------------------------

Name: nimagetool
Bldfile: ./code/nebula2/bldfiles/toolchain/toolchain.bld
  Type:     exe
  Platform: 
  Annotation:



  Modules:
      nimagetool
      nntxfile
  Bundles:
  Target Dependencies:
      nkernel
      ntoollib
  Generated Items - generatebld.tcl:

  Merged modules:
  Merged win32 libs:
  Merged win32 debug libs:
  Merged win32 release libs:
  Merged linux libs:
  Merged macosx libs:

--------------------------------------------------------

Name: nmeshtool
Bldfile: ./code/nebula2/bldfiles/toolchain/toolchain.bld
  Type:     exe
  Platform: 
  Annotation:



  Modules:
      nmeshtool
  Bundles:
  Target Dependencies:
      nkernel
      ntoollib
  Generated Items - generatebld.tcl:

  Merged modules:
  Merged win32 libs:
  Merged win32 debug libs:
  Merged win32 release libs:
  Merged linux libs:
  Merged macosx libs:

--------------------------------------------------------




--------------------------------------------------------
 Bundles
--------------------------------------------------------




--------------------------------------------------------
 Modules
--------------------------------------------------------

Name: dummy
Bldfile: ./code/nebula2/bldfiles/dummy.bld
  Type:         cpp
  Dir:          .
  Platforms:    all
  Force No Pak: false
  Trunkdir:     nebula2
  Files:
      dummy
  Headers:
  win32 libs:
  win32 libs release:
  win32 libs debug:
  linux libs:
  macosx libs:
  Module dependencies:
  Generated Items - generatebld.tcl:

  Module has kernel:   false
  Module is not NOH:   true
  Module derived from: 
  Fixed Sources:
  Fixed Headers:

--------------------------------------------------------

Name: nremoteshell
Bldfile: ./code/nebula2/bldfiles/apps/n2apps.bld
  Type:         cpp
  Dir:          tools
  Platforms:    all
  Force No Pak: false
  Trunkdir:     nebula2
  Files:
      nremoteshell
  Headers:
  win32 libs:
  win32 libs release:
  win32 libs debug:
  linux libs:
  macosx libs:
      Carbon
  Module dependencies:
      nipcclient
  Generated Items - generatebld.tcl:

  Module has kernel:   false
  Module is not NOH:   true
  Module derived from: 
  Fixed Sources:
  Fixed Headers:

--------------------------------------------------------

Name: nsh
Bldfile: ./code/nebula2/bldfiles/apps/n2apps.bld
  Type:         cpp
  Dir:          tools
  Platforms:    all
  Force No Pak: false
  Trunkdir:     nebula2
  Files:
      nsh
  Headers:
  win32 libs:
  win32 libs release:
  win32 libs debug:
  linux libs:
  macosx libs:
      Carbon
  Module dependencies:
  Generated Items - generatebld.tcl:

  Module has kernel:   false
  Module is not NOH:   true
  Module derived from: 
  Fixed Sources:
  Fixed Headers:

--------------------------------------------------------

Name: nviewer
Bldfile: ./code/nebula2/bldfiles/apps/n2apps.bld
  Type:         cpp
  Dir:          tools
  Platforms:    all
  Force No Pak: false
  Trunkdir:     nebula2
  Files:
      nviewer
  Headers:
  win32 libs:
  win32 libs release:
  win32 libs debug:
  linux libs:
  macosx libs:
      Carbon
  Module dependencies:
  Generated Items - generatebld.tcl:

  Module has kernel:   false
  Module is not NOH:   true
  Module derived from: 
  Fixed Sources:
  Fixed Headers:

--------------------------------------------------------

Name: nvariableserver
Bldfile: ./code/nebula2/bldfiles/core/coreextra.bld
  Type:         cpp
  Dir:          variable
  Platforms:    all
  Force No Pak: false
  Trunkdir:     nebula2
  Files:
      nvariableserver_main
      nvariableserver_cmds
  Headers:
      nvariableserver
      nvariablecontext
      nvariable
  win32 libs:
  win32 libs release:
  win32 libs debug:
  linux libs:
  macosx libs:
  Module dependencies:
  Generated Items - generatebld.tcl:

  Module has kernel:   false
  Module is not NOH:   true
  Module derived from: 
  Fixed Sources:
  Fixed Headers:

--------------------------------------------------------

Name: nnpkfileserver
Bldfile: ./code/nebula2/bldfiles/core/coreextra.bld
  Type:         cpp
  Dir:          file
  Platforms:    all
  Force No Pak: false
  Trunkdir:     nebula2
  Files:
      nnpkfileserver_main
      nnpkfileserver_cmds
      nnpkfilewrapper
      nnpkfile
      nnpkdirectory
  Headers:
      nnpkfileserver
      nnpkfilewrapper
      nnpktoc
      nnpktocentry
      nnpkfile
      nnpkdirectory
  win32 libs:
  win32 libs release:
  win32 libs debug:
  linux libs:
  macosx libs:
  Module dependencies:
  Generated Items - generatebld.tcl:

  Module has kernel:   false
  Module is not NOH:   true
  Module derived from: 
  Fixed Sources:
  Fixed Headers:

--------------------------------------------------------

Name: nresourceserver
Bldfile: ./code/nebula2/bldfiles/core/coreextra.bld
  Type:         cpp
  Dir:          resource
  Platforms:    all
  Force No Pak: false
  Trunkdir:     nebula2
  Files:
      nresourceserver_main
  Headers:
      nresourceserver
  win32 libs:
  win32 libs release:
  win32 libs debug:
  linux libs:
  macosx libs:
  Module dependencies:
  Generated Items - generatebld.tcl:

  Module has kernel:   false
  Module is not NOH:   true
  Module derived from: 
  Fixed Sources:
  Fixed Headers:

--------------------------------------------------------

Name: nresource
Bldfile: ./code/nebula2/bldfiles/core/coreextra.bld
  Type:         cpp
  Dir:          resource
  Platforms:    all
  Force No Pak: false
  Trunkdir:     nebula2
  Files:
      nresource_main
  Headers:
      nresource
  win32 libs:
  win32 libs release:
  win32 libs debug:
  linux libs:
  macosx libs:
  Module dependencies:
  Generated Items - generatebld.tcl:

  Module has kernel:   false
  Module is not NOH:   true
  Module derived from: 
  Fixed Sources:
  Fixed Headers:

--------------------------------------------------------

Name: nconserver
Bldfile: ./code/nebula2/bldfiles/core/coreextra.bld
  Type:         cpp
  Dir:          misc
  Platforms:    all
  Force No Pak: false
  Trunkdir:     nebula2
  Files:
      ncsrv_main
      ncsrv_cmds
  Headers:
      nconserver
  win32 libs:
  win32 libs release:
  win32 libs debug:
  linux libs:
  macosx libs:
  Module dependencies:
  Generated Items - generatebld.tcl:

  Module has kernel:   false
  Module is not NOH:   true
  Module derived from: 
  Fixed Sources:
  Fixed Headers:

--------------------------------------------------------

Name: nipc
Bldfile: ./code/nebula2/bldfiles/core/coreextra.bld
  Type:         cpp
  Dir:          kernel
  Platforms:    all
  Force No Pak: false
  Trunkdir:     nebula2
  Files:
      nipcminiserver
      nipcserver
  Headers:
      nsocketdefs
      nipcminiserver
      nipcserver
  win32 libs:
      wsock32.lib
  win32 libs release:
  win32 libs debug:
  linux libs:
  macosx libs:
  Module dependencies:
  Generated Items - generatebld.tcl:

  Module has kernel:   false
  Module is not NOH:   true
  Module derived from: 
  Fixed Sources:
  Fixed Headers:

--------------------------------------------------------

Name: nipcclient
Bldfile: ./code/nebula2/bldfiles/core/coreextra.bld
  Type:         cpp
  Dir:          kernel
  Platforms:    all
  Force No Pak: false
  Trunkdir:     nebula2
  Files:
      nipcclient
  Headers:
      nsocketdefs
      nipcclient
  win32 libs:
      wsock32.lib
  win32 libs release:
  win32 libs debug:
  linux libs:
  macosx libs:
  Module dependencies:
  Generated Items - generatebld.tcl:

  Module has kernel:   false
  Module is not NOH:   true
  Module derived from: 
  Fixed Sources:
  Fixed Headers:

--------------------------------------------------------

Name: ntimeserver
Bldfile: ./code/nebula2/bldfiles/core/nkernel.bld
  Type:         cpp
  Dir:          kernel
  Platforms:    all
  Force No Pak: false
  Trunkdir:     nebula2
  Files:
      ntime_main
      ntime_cmds
  Headers:
      ntimeserver
  win32 libs:
  win32 libs release:
  win32 libs debug:
  linux libs:
  macosx libs:
  Module dependencies:
  Generated Items - generatebld.tcl:

  Module has kernel:   false
  Module is not NOH:   true
  Module derived from: 
  Fixed Sources:
  Fixed Headers:

--------------------------------------------------------

Name: npersistserver
Bldfile: ./code/nebula2/bldfiles/core/nkernel.bld
  Type:         cpp
  Dir:          kernel
  Platforms:    all
  Force No Pak: false
  Trunkdir:     nebula2
  Files:
      npersistserver_main
      npersistserver_beginend
      npersistserver_load
      npersistserver_cmds
  Headers:
      npersistserver
  win32 libs:
  win32 libs release:
  win32 libs debug:
  linux libs:
  macosx libs:
  Module dependencies:
  Generated Items - generatebld.tcl:

  Module has kernel:   false
  Module is not NOH:   true
  Module derived from: 
  Fixed Sources:
  Fixed Headers:

--------------------------------------------------------

Name: nfileserver2
Bldfile: ./code/nebula2/bldfiles/core/nkernel.bld
  Type:         cpp
  Dir:          kernel
  Platforms:    all
  Force No Pak: false
  Trunkdir:     nebula2
  Files:
      nfileserver2_main
      nfileserver2_cmds
      nfile
      ndirectory
  Headers:
      nfileserver2
      nfile
      ndirectory
  win32 libs:
  win32 libs release:
  win32 libs debug:
  linux libs:
  macosx libs:
  Module dependencies:
  Generated Items - generatebld.tcl:

  Module has kernel:   false
  Module is not NOH:   true
  Module derived from: 
  Fixed Sources:
  Fixed Headers:

--------------------------------------------------------

Name: nscriptserver
Bldfile: ./code/nebula2/bldfiles/core/nkernel.bld
  Type:         cpp
  Dir:          kernel
  Platforms:    all
  Force No Pak: false
  Trunkdir:     nebula2
  Files:
      nscriptserver_main
  Headers:
      nscriptserver
  win32 libs:
  win32 libs release:
  win32 libs debug:
  linux libs:
  macosx libs:
  Module dependencies:
  Generated Items - generatebld.tcl:

  Module has kernel:   false
  Module is not NOH:   true
  Module derived from: 
  Fixed Sources:
  Fixed Headers:

--------------------------------------------------------

Name: nroot
Bldfile: ./code/nebula2/bldfiles/core/nkernel.bld
  Type:         cpp
  Dir:          kernel
  Platforms:    all
  Force No Pak: false
  Trunkdir:     nebula2
  Files:
      nroot_main
      nroot_cmds
  Headers:
      nroot
  win32 libs:
  win32 libs release:
  win32 libs debug:
  linux libs:
  macosx libs:
  Module dependencies:
  Generated Items - generatebld.tcl:

  Module has kernel:   false
  Module is not NOH:   true
  Module derived from: 
  Fixed Sources:
  Fixed Headers:

--------------------------------------------------------

Name: nenv
Bldfile: ./code/nebula2/bldfiles/core/nkernel.bld
  Type:         cpp
  Dir:          kernel
  Platforms:    all
  Force No Pak: false
  Trunkdir:     nebula2
  Files:
      nenv_main
      nenv_cmds
  Headers:
      nenv
  win32 libs:
  win32 libs release:
  win32 libs debug:
  linux libs:
  macosx libs:
  Module dependencies:
  Generated Items - generatebld.tcl:

  Module has kernel:   false
  Module is not NOH:   true
  Module derived from: 
  Fixed Sources:
  Fixed Headers:

--------------------------------------------------------

Name: nremoteserver
Bldfile: ./code/nebula2/bldfiles/core/nkernel.bld
  Type:         cpp
  Dir:          kernel
  Platforms:    all
  Force No Pak: false
  Trunkdir:     nebula2
  Files:
      nremoteserver_main
  Headers:
      nremoteserver
  win32 libs:
  win32 libs release:
  win32 libs debug:
  linux libs:
  macosx libs:
  Module dependencies:
      nipc
  Generated Items - generatebld.tcl:

  Module has kernel:   false
  Module is not NOH:   true
  Module derived from: 
  Fixed Sources:
  Fixed Headers:

--------------------------------------------------------

Name: nkernel
Bldfile: ./code/nebula2/bldfiles/core/nkernel.bld
  Type:         cpp
  Dir:          kernel
  Platforms:    all
  Force No Pak: false
  Trunkdir:     nebula2
  Files:
      nkernelserver
      nkernel
      nmemory
      nclass
      ncmdproto
      nhardrefserver
      nthread
      nloghandler
      ndefaultloghandler
      nwin32loghandler
  Headers:
      nsystem
      ntypes
      ndebug
      ndefdllclass
      nkernelserver
      nprofiler
      nclass
      ncmdproto
      ncmd
      narg
      nhardrefserver
      nref
      nautoref
      ndynautoref
      nhardref
      nevent
      nmutex
      nthread
      nthreadsafelist
      nloghandler
      ndefaultloghandler
      nwin32loghandler
  win32 libs:
  win32 libs release:
  win32 libs debug:
  linux libs:
  macosx libs:
  Module dependencies:
  Generated Items - generatebld.tcl:

  Module has kernel:   false
  Module is not NOH:   true
  Module derived from: 
  Fixed Sources:
  Fixed Headers:

--------------------------------------------------------

Name: nntxfile
Bldfile: ./code/nebula2/bldfiles/gfx2/gfx2.bld
  Type:         cpp
  Dir:          gfx2
  Platforms:    all
  Force No Pak: false
  Trunkdir:     nebula2
  Files:
      nntxfile
  Headers:
      nntxfile
  win32 libs:
  win32 libs release:
  win32 libs debug:
  linux libs:
  macosx libs:
  Module dependencies:
  Generated Items - generatebld.tcl:

  Module has kernel:   false
  Module is not NOH:   true
  Module derived from: 
  Fixed Sources:
  Fixed Headers:

--------------------------------------------------------

Name: nshader2
Bldfile: ./code/nebula2/bldfiles/gfx2/gfx2.bld
  Type:         cpp
  Dir:          gfx2
  Platforms:    all
  Force No Pak: false
  Trunkdir:     nebula2
  Files:
      nshader2_main
  Headers:
      nshader2
  win32 libs:
  win32 libs release:
  win32 libs debug:
  linux libs:
  macosx libs:
  Module dependencies:
  Generated Items - generatebld.tcl:

  Module has kernel:   false
  Module is not NOH:   true
  Module derived from: 
  Fixed Sources:
  Fixed Headers:

--------------------------------------------------------

Name: ngfxserver2
Bldfile: ./code/nebula2/bldfiles/gfx2/gfx2.bld
  Type:         cpp
  Dir:          gfx2
  Platforms:    all
  Force No Pak: false
  Trunkdir:     nebula2
  Files:
      ngfxserver2_main
      ngfxserver2_cmds
      nwireframerenderer
  Headers:
      ngfxserver2
      ncamera2
      ndisplaymode2
      ndynamicmesh
      nprimitivetypes
      nwireframerenderer
  win32 libs:
  win32 libs release:
  win32 libs debug:
  linux libs:
  macosx libs:
  Module dependencies:
  Generated Items - generatebld.tcl:

  Module has kernel:   false
  Module is not NOH:   true
  Module derived from: 
  Fixed Sources:
  Fixed Headers:

--------------------------------------------------------

Name: nmesh2
Bldfile: ./code/nebula2/bldfiles/gfx2/gfx2.bld
  Type:         cpp
  Dir:          gfx2
  Platforms:    all
  Force No Pak: false
  Trunkdir:     nebula2
  Files:
      nmesh2_main
  Headers:
      nmesh2
  win32 libs:
  win32 libs release:
  win32 libs debug:
  linux libs:
  macosx libs:
  Module dependencies:
  Generated Items - generatebld.tcl:

  Module has kernel:   false
  Module is not NOH:   true
  Module derived from: 
  Fixed Sources:
  Fixed Headers:

--------------------------------------------------------

Name: ntexture2
Bldfile: ./code/nebula2/bldfiles/gfx2/gfx2.bld
  Type:         cpp
  Dir:          gfx2
  Platforms:    all
  Force No Pak: false
  Trunkdir:     nebula2
  Files:
      ntexture2_main
  Headers:
      ntexture2
  win32 libs:
  win32 libs release:
  win32 libs debug:
  linux libs:
  macosx libs:
  Module dependencies:
  Generated Items - generatebld.tcl:

  Module has kernel:   false
  Module is not NOH:   true
  Module derived from: 
  Fixed Sources:
  Fixed Headers:

--------------------------------------------------------

Name: nd3d9server
Bldfile: ./code/nebula2/bldfiles/gfx2/ndirect3d9.bld
  Type:         cpp
  Dir:          gfx2
  Platforms:    all
  Force No Pak: false
  Trunkdir:     nebula2
  Files:
      nd3d9server_main
      nd3d9server_window
      nd3d9server_resource
      nd3d9server_device
      nd3d9server_render
      nd3d9server_text
      d3dfont9
  Headers:
      nd3d9server
      d3dfont9
  win32 libs:
      d3d9.lib
      d3dx9.lib
      dxguid.lib
  win32 libs release:
  win32 libs debug:
  linux libs:
  macosx libs:
  Module dependencies:
      nd3d9mesh
      nd3d9texture
      nd3d9shader
  Generated Items - generatebld.tcl:

  Module has kernel:   false
  Module is not NOH:   true
  Module derived from: 
  Fixed Sources:
  Fixed Headers:

--------------------------------------------------------

Name: nd3d9mesh
Bldfile: ./code/nebula2/bldfiles/gfx2/ndirect3d9.bld
  Type:         cpp
  Dir:          gfx2
  Platforms:    all
  Force No Pak: false
  Trunkdir:     nebula2
  Files:
      nd3d9mesh_main
  Headers:
      nd3d9mesh
  win32 libs:
  win32 libs release:
  win32 libs debug:
  linux libs:
  macosx libs:
  Module dependencies:
  Generated Items - generatebld.tcl:

  Module has kernel:   false
  Module is not NOH:   true
  Module derived from: 
  Fixed Sources:
  Fixed Headers:

--------------------------------------------------------

Name: nd3d9texture
Bldfile: ./code/nebula2/bldfiles/gfx2/ndirect3d9.bld
  Type:         cpp
  Dir:          gfx2
  Platforms:    all
  Force No Pak: false
  Trunkdir:     nebula2
  Files:
      nd3d9texture_main
  Headers:
      nd3d9texture
  win32 libs:
  win32 libs release:
  win32 libs debug:
  linux libs:
  macosx libs:
  Module dependencies:
  Generated Items - generatebld.tcl:

  Module has kernel:   false
  Module is not NOH:   true
  Module derived from: 
  Fixed Sources:
  Fixed Headers:

--------------------------------------------------------

Name: nd3d9shader
Bldfile: ./code/nebula2/bldfiles/gfx2/ndirect3d9.bld
  Type:         cpp
  Dir:          gfx2
  Platforms:    all
  Force No Pak: false
  Trunkdir:     nebula2
  Files:
      nd3d9shader_main
  Headers:
      nd3d9shader
  win32 libs:
  win32 libs release:
  win32 libs debug:
  linux libs:
  macosx libs:
  Module dependencies:
  Generated Items - generatebld.tcl:

  Module has kernel:   false
  Module is not NOH:   true
  Module derived from: 
  Fixed Sources:
  Fixed Headers:

--------------------------------------------------------

Name: ninputserver
Bldfile: ./code/nebula2/bldfiles/input/input.bld
  Type:         cpp
  Dir:          input
  Platforms:    all
  Force No Pak: false
  Trunkdir:     nebula2
  Files:
      ninput_main
      ninput_events
      ninput_states
      ninput_log
      ninput_inpmap
      ninput_cmds
      ninputdevice
      njoystickdevice
      nrelmousedevice
      nkeyboarddevice
  Headers:
      ninputserver
      ninputdevice
      njoystickdevice
      nrelmousedevice
      nkeyboarddevice
  win32 libs:
  win32 libs release:
  win32 libs debug:
  linux libs:
  macosx libs:
  Module dependencies:
  Generated Items - generatebld.tcl:

  Module has kernel:   false
  Module is not NOH:   true
  Module derived from: 
  Fixed Sources:
  Fixed Headers:

--------------------------------------------------------

Name: ndi8server
Bldfile: ./code/nebula2/bldfiles/input/ndinput8.bld
  Type:         cpp
  Dir:          input
  Platforms:    all
  Force No Pak: false
  Trunkdir:     nebula2
  Files:
      ndi8server_main
      ndi8server_dinput
      ndi8server_trigger
      ndi8server_error
  Headers:
      ndi8server
  win32 libs:
      dxguid.lib
      dinput8.lib
  win32 libs release:
  win32 libs debug:
  linux libs:
  macosx libs:
  Module dependencies:
  Generated Items - generatebld.tcl:

  Module has kernel:   false
  Module is not NOH:   true
  Module derived from: 
  Fixed Sources:
  Fixed Headers:

--------------------------------------------------------

Name: nanimationserver
Bldfile: ./code/nebula2/bldfiles/scene/anim.bld
  Type:         cpp
  Dir:          anim2
  Platforms:    all
  Force No Pak: false
  Trunkdir:     nebula2
  Files:
      nanimationserver_main
  Headers:
      nanimationserver
      nanimclip
      nanimstate
      nanimstatearray
  win32 libs:
  win32 libs release:
  win32 libs debug:
  linux libs:
  macosx libs:
  Module dependencies:
  Generated Items - generatebld.tcl:

  Module has kernel:   false
  Module is not NOH:   true
  Module derived from: 
  Fixed Sources:
  Fixed Headers:

--------------------------------------------------------

Name: nanimation
Bldfile: ./code/nebula2/bldfiles/scene/anim.bld
  Type:         cpp
  Dir:          anim2
  Platforms:    all
  Force No Pak: false
  Trunkdir:     nebula2
  Files:
      nanimation_main
  Headers:
      nanimation
  win32 libs:
  win32 libs release:
  win32 libs debug:
  linux libs:
  macosx libs:
  Module dependencies:
  Generated Items - generatebld.tcl:

  Module has kernel:   false
  Module is not NOH:   true
  Module derived from: 
  Fixed Sources:
  Fixed Headers:

--------------------------------------------------------

Name: nmemoryanimation
Bldfile: ./code/nebula2/bldfiles/scene/anim.bld
  Type:         cpp
  Dir:          anim2
  Platforms:    all
  Force No Pak: false
  Trunkdir:     nebula2
  Files:
      nmemoryanimation_main
  Headers:
      nmemoryanimation
  win32 libs:
  win32 libs release:
  win32 libs debug:
  linux libs:
  macosx libs:
  Module dependencies:
  Generated Items - generatebld.tcl:

  Module has kernel:   false
  Module is not NOH:   true
  Module derived from: 
  Fixed Sources:
  Fixed Headers:

--------------------------------------------------------

Name: ncharacter
Bldfile: ./code/nebula2/bldfiles/scene/anim.bld
  Type:         cpp
  Dir:          character
  Platforms:    all
  Force No Pak: false
  Trunkdir:     nebula2
  Files:
      ncharacter2
      ncharskinrenderer
  Headers:
      ncharacter2
      ncharskeleton
      ncharskinrenderer
      ncharjoint
      ncharjointpalette
  win32 libs:
  win32 libs release:
  win32 libs debug:
  linux libs:
  macosx libs:
  Module dependencies:
  Generated Items - generatebld.tcl:

  Module has kernel:   false
  Module is not NOH:   true
  Module derived from: 
  Fixed Sources:
  Fixed Headers:

--------------------------------------------------------

Name: nsceneserver
Bldfile: ./code/nebula2/bldfiles/scene/default.bld
  Type:         cpp
  Dir:          scene
  Platforms:    all
  Force No Pak: false
  Trunkdir:     nebula2
  Files:
      nsceneserver_main
  Headers:
      nsceneserver
  win32 libs:
  win32 libs release:
  win32 libs debug:
  linux libs:
  macosx libs:
  Module dependencies:
  Generated Items - generatebld.tcl:

  Module has kernel:   false
  Module is not NOH:   true
  Module derived from: 
  Fixed Sources:
  Fixed Headers:

--------------------------------------------------------

Name: nstdsceneserver
Bldfile: ./code/nebula2/bldfiles/scene/default.bld
  Type:         cpp
  Dir:          scene
  Platforms:    all
  Force No Pak: false
  Trunkdir:     nebula2
  Files:
      nstdsceneserver_main
  Headers:
      nstdsceneserver
  win32 libs:
  win32 libs release:
  win32 libs debug:
  linux libs:
  macosx libs:
  Module dependencies:
  Generated Items - generatebld.tcl:

  Module has kernel:   false
  Module is not NOH:   true
  Module derived from: 
  Fixed Sources:
  Fixed Headers:

--------------------------------------------------------

Name: nscenenode
Bldfile: ./code/nebula2/bldfiles/scene/default.bld
  Type:         cpp
  Dir:          scene
  Platforms:    all
  Force No Pak: false
  Trunkdir:     nebula2
  Files:
      nscenenode_main
      nscenenode_cmds
  Headers:
      nscenenode
  win32 libs:
  win32 libs release:
  win32 libs debug:
  linux libs:
  macosx libs:
  Module dependencies:
  Generated Items - generatebld.tcl:

  Module has kernel:   false
  Module is not NOH:   true
  Module derived from: 
  Fixed Sources:
  Fixed Headers:

--------------------------------------------------------

Name: ntransformnode
Bldfile: ./code/nebula2/bldfiles/scene/default.bld
  Type:         cpp
  Dir:          scene
  Platforms:    all
  Force No Pak: false
  Trunkdir:     nebula2
  Files:
      ntransformnode_main
      ntransformnode_cmds
  Headers:
      ntransformnode
  win32 libs:
  win32 libs release:
  win32 libs debug:
  linux libs:
  macosx libs:
  Module dependencies:
  Generated Items - generatebld.tcl:

  Module has kernel:   false
  Module is not NOH:   true
  Module derived from: 
  Fixed Sources:
  Fixed Headers:

--------------------------------------------------------

Name: nabstractshadernode
Bldfile: ./code/nebula2/bldfiles/scene/default.bld
  Type:         cpp
  Dir:          scene
  Platforms:    all
  Force No Pak: false
  Trunkdir:     nebula2
  Files:
      nabstractshadernode_main
      nabstractshadernode_cmds
  Headers:
      nabstractshadernode
  win32 libs:
  win32 libs release:
  win32 libs debug:
  linux libs:
  macosx libs:
  Module dependencies:
  Generated Items - generatebld.tcl:

  Module has kernel:   false
  Module is not NOH:   true
  Module derived from: 
  Fixed Sources:
  Fixed Headers:

--------------------------------------------------------

Name: nmaterialnode
Bldfile: ./code/nebula2/bldfiles/scene/default.bld
  Type:         cpp
  Dir:          scene
  Platforms:    all
  Force No Pak: false
  Trunkdir:     nebula2
  Files:
      nmaterialnode_main
      nmaterialnode_cmds
  Headers:
      nmaterialnode
  win32 libs:
  win32 libs release:
  win32 libs debug:
  linux libs:
  macosx libs:
  Module dependencies:
  Generated Items - generatebld.tcl:

  Module has kernel:   false
  Module is not NOH:   true
  Module derived from: 
  Fixed Sources:
  Fixed Headers:

--------------------------------------------------------

Name: nvolumelightnode
Bldfile: ./code/nebula2/bldfiles/scene/default.bld
  Type:         cpp
  Dir:          scene
  Platforms:    all
  Force No Pak: false
  Trunkdir:     nebula2
  Files:
      nvolumelightnode_main
  Headers:
      nvolumelightnode
  win32 libs:
  win32 libs release:
  win32 libs debug:
  linux libs:
  macosx libs:
  Module dependencies:
  Generated Items - generatebld.tcl:

  Module has kernel:   false
  Module is not NOH:   true
  Module derived from: 
  Fixed Sources:
  Fixed Headers:

--------------------------------------------------------

Name: nshapenode
Bldfile: ./code/nebula2/bldfiles/scene/default.bld
  Type:         cpp
  Dir:          scene
  Platforms:    all
  Force No Pak: false
  Trunkdir:     nebula2
  Files:
      nshapenode_main
      nshapenode_cmds
  Headers:
      nshapenode
  win32 libs:
  win32 libs release:
  win32 libs debug:
  linux libs:
  macosx libs:
  Module dependencies:
  Generated Items - generatebld.tcl:

  Module has kernel:   false
  Module is not NOH:   true
  Module derived from: 
  Fixed Sources:
  Fixed Headers:

--------------------------------------------------------

Name: nanimator
Bldfile: ./code/nebula2/bldfiles/scene/default.bld
  Type:         cpp
  Dir:          scene
  Platforms:    all
  Force No Pak: false
  Trunkdir:     nebula2
  Files:
      nanimator_main
      nanimator_cmds
  Headers:
      nanimator
  win32 libs:
  win32 libs release:
  win32 libs debug:
  linux libs:
  macosx libs:
  Module dependencies:
  Generated Items - generatebld.tcl:

  Module has kernel:   false
  Module is not NOH:   true
  Module derived from: 
  Fixed Sources:
  Fixed Headers:

--------------------------------------------------------

Name: nvectoranimator
Bldfile: ./code/nebula2/bldfiles/scene/default.bld
  Type:         cpp
  Dir:          scene
  Platforms:    all
  Force No Pak: false
  Trunkdir:     nebula2
  Files:
      nvectoranimator_main
      nvectoranimator_cmds
  Headers:
      nvectoranimator
  win32 libs:
  win32 libs release:
  win32 libs debug:
  linux libs:
  macosx libs:
  Module dependencies:
  Generated Items - generatebld.tcl:

  Module has kernel:   false
  Module is not NOH:   true
  Module derived from: 
  Fixed Sources:
  Fixed Headers:

--------------------------------------------------------

Name: ntransformanimator
Bldfile: ./code/nebula2/bldfiles/scene/default.bld
  Type:         cpp
  Dir:          scene
  Platforms:    all
  Force No Pak: false
  Trunkdir:     nebula2
  Files:
      ntransformanimator_main
      ntransformanimator_cmds
  Headers:
      ntransformanimator
  win32 libs:
  win32 libs release:
  win32 libs debug:
  linux libs:
  macosx libs:
  Module dependencies:
  Generated Items - generatebld.tcl:

  Module has kernel:   false
  Module is not NOH:   true
  Module derived from: 
  Fixed Sources:
  Fixed Headers:

--------------------------------------------------------

Name: nskinanimator
Bldfile: ./code/nebula2/bldfiles/scene/default.bld
  Type:         cpp
  Dir:          scene
  Platforms:    all
  Force No Pak: false
  Trunkdir:     nebula2
  Files:
      nskinanimator_main
      nskinanimator_cmds
  Headers:
      nskinanimator
  win32 libs:
  win32 libs release:
  win32 libs debug:
  linux libs:
  macosx libs:
  Module dependencies:
  Generated Items - generatebld.tcl:

  Module has kernel:   false
  Module is not NOH:   true
  Module derived from: 
  Fixed Sources:
  Fixed Headers:

--------------------------------------------------------

Name: nskinshapenode
Bldfile: ./code/nebula2/bldfiles/scene/default.bld
  Type:         cpp
  Dir:          scene
  Platforms:    all
  Force No Pak: false
  Trunkdir:     nebula2
  Files:
      nskinshapenode_main
      nskinshapenode_cmds
  Headers:
      nskinshapenode
  win32 libs:
  win32 libs release:
  win32 libs debug:
  linux libs:
  macosx libs:
  Module dependencies:
  Generated Items - generatebld.tcl:

  Module has kernel:   false
  Module is not NOH:   true
  Module derived from: 
  Fixed Sources:
  Fixed Headers:

--------------------------------------------------------

Name: nmicrotclnebula
Bldfile: ./code/nebula2/bldfiles/script/microtcl.bld
  Type:         cpp
  Dir:          microtcl
  Platforms:    all
  Force No Pak: false
  Trunkdir:     nebula2
  Files:
      tclNebula
  Headers:
  win32 libs:
  win32 libs release:
  win32 libs debug:
  linux libs:
  macosx libs:
  Module dependencies:
      nmicrotcl
  Generated Items - generatebld.tcl:

  Module has kernel:   false
  Module is not NOH:   true
  Module derived from: 
  Fixed Sources:
  Fixed Headers:

--------------------------------------------------------

Name: nmicrotcl
Bldfile: ./code/nebula2/bldfiles/script/microtcl.bld
  Type:         c
  Dir:          microtcl
  Platforms:    all
  Force No Pak: false
  Trunkdir:     nebula2
  Files:
      tclAlloc
      tclBasic
      tclBinary
      tclCkalloc
      tclCmdAH
      tclCmdIL
      tclCmdMZ
      tclCompCmds
      tclCompExpr
      tclCompile
      tclExecute
      tclGet
      tclHash
      tclHistory
      tclIndexObj
      tclInterp
      tclLink
      tclListObj
      tclLiteral
      tclNamesp
      tclObj
      tclPanic
      tclParse
      tclParseExpr
      tclPreserve
      tclProc
      tclResult
      tclStringObj
      tclUtf
      tclUtil
      tclVar
  Headers:
  win32 libs:
  win32 libs release:
  win32 libs debug:
  linux libs:
  macosx libs:
  Module dependencies:
  Generated Items - generatebld.tcl:

  Module has kernel:   false
  Module is not NOH:   true
  Module derived from: 
  Fixed Sources:
  Fixed Headers:

--------------------------------------------------------

Name: nbinscriptserver
Bldfile: ./code/nebula2/bldfiles/script/script.bld
  Type:         cpp
  Dir:          script
  Platforms:    all
  Force No Pak: false
  Trunkdir:     nebula2
  Files:
      nbinscriptserver_main
  Headers:
      nbinscriptserver
  win32 libs:
  win32 libs release:
  win32 libs debug:
  linux libs:
  macosx libs:
  Module dependencies:
  Generated Items - generatebld.tcl:

  Module has kernel:   false
  Module is not NOH:   true
  Module derived from: 
  Fixed Sources:
  Fixed Headers:

--------------------------------------------------------

Name: ntclserver
Bldfile: ./code/nebula2/bldfiles/script/script.bld
  Type:         cpp
  Dir:          script
  Platforms:    all
  Force No Pak: false
  Trunkdir:     nebula2
  Files:
      ntclserver_main
      ntclserver_commands
  Headers:
      ntclserver
  win32 libs:
  win32 libs release:
  win32 libs debug:
  linux libs:
  macosx libs:
  Module dependencies:
  Generated Items - generatebld.tcl:

  Module has kernel:   false
  Module is not NOH:   true
  Module derived from: 
  Fixed Sources:
  Fixed Headers:

--------------------------------------------------------

Name: nimagetool
Bldfile: ./code/nebula2/bldfiles/toolchain/toolchain.bld
  Type:         cpp
  Dir:          tools
  Platforms:    all
  Force No Pak: false
  Trunkdir:     nebula2
  Files:
      nimagetool
  Headers:
  win32 libs:
      DevIL.lib
      ilu.lib
  win32 libs release:
  win32 libs debug:
  linux libs:
      IL
      ILU
  macosx libs:
      IL
      ILU
      Carbon
  Module dependencies:
      nanimbuilder
  Generated Items - generatebld.tcl:

  Module has kernel:   false
  Module is not NOH:   true
  Module derived from: 
  Fixed Sources:
  Fixed Headers:

--------------------------------------------------------

Name: nmeshtool
Bldfile: ./code/nebula2/bldfiles/toolchain/toolchain.bld
  Type:         cpp
  Dir:          tools
  Platforms:    all
  Force No Pak: false
  Trunkdir:     nebula2
  Files:
      nmeshtool
  Headers:
  win32 libs:
  win32 libs release:
  win32 libs debug:
  linux libs:
  macosx libs:
      Carbon
  Module dependencies:
      nmeshbuilder
  Generated Items - generatebld.tcl:

  Module has kernel:   false
  Module is not NOH:   true
  Module derived from: 
  Fixed Sources:
  Fixed Headers:

--------------------------------------------------------

Name: nmeshbuilder
Bldfile: ./code/nebula2/bldfiles/toolchain/toolchain.bld
  Type:         cpp
  Dir:          tools
  Platforms:    all
  Force No Pak: false
  Trunkdir:     nebula2
  Files:
      nmeshbuilder
      nmeshbuilder_loadsave
      nmeshbuilder_tangent
      nskinpartitioner
      nbspbuilder
  Headers:
      nmeshbuilder
      nskinpartitioner
      nbspbuilder
  win32 libs:
  win32 libs release:
  win32 libs debug:
  linux libs:
  macosx libs:
  Module dependencies:
  Generated Items - generatebld.tcl:

  Module has kernel:   false
  Module is not NOH:   true
  Module derived from: 
  Fixed Sources:
  Fixed Headers:

--------------------------------------------------------

Name: nanimbuilder
Bldfile: ./code/nebula2/bldfiles/toolchain/toolchain.bld
  Type:         cpp
  Dir:          tools
  Platforms:    all
  Force No Pak: false
  Trunkdir:     nebula2
  Files:
      nanimbuilder
  Headers:
      nanimbuilder
  win32 libs:
  win32 libs release:
  win32 libs debug:
  linux libs:
  macosx libs:
  Module dependencies:
  Generated Items - generatebld.tcl:

  Module has kernel:   false
  Module is not NOH:   true
  Module derived from: 
  Fixed Sources:
  Fixed Headers:

--------------------------------------------------------



--------------------------------------------------------
 EoF
--------------------------------------------------------

